<?xml version="1.0" encoding="UTF-8"?>
<robot generator="Robot 7.3.2 (Python 3.12.4 on win32)" generated="2025-08-14T08:28:55.424108" rpa="false" schemaversion="5">
<suite id="s1" name="Tests" source="C:\Users\CLELIMA\Documents\CDG_Test\RobotFramework\Robot-Framework-Studies\amazonTest\webTest\Tests">
<suite id="s1-s1" name="Amazon Test" source="C:\Users\CLELIMA\Documents\CDG_Test\RobotFramework\Robot-Framework-Studies\amazonTest\webTest\Tests\amazon_test.robot">
<test id="s1-s1-t1" name="Caso de Teste 03 - Adicionar Produto no Carrinho" line="24">
<kw name="Abrir o navegador" owner="amazon_resources" type="SETUP">
<kw name="Open Browser" owner="SeleniumLibrary">
<msg time="2025-08-14T08:28:55.917077" level="INFO">Opening browser 'chrome' to base url 'https://www.amazon.com.br/'.</msg>
<arg>${URL}</arg>
<arg>${BROWSER}</arg>
<doc>Opens a new browser instance to the optional ``url``.</doc>
<status status="PASS" start="2025-08-14T08:28:55.917077" elapsed="9.516335"/>
</kw>
<kw name="Maximize Browser Window" owner="SeleniumLibrary">
<doc>Maximizes current browser window.</doc>
<status status="PASS" start="2025-08-14T08:29:05.434431" elapsed="0.075320"/>
</kw>
<kw name="Wait Until Element Is Visible" owner="SeleniumLibrary">
<arg>${LOGO_AMAZON}</arg>
<doc>Waits until the element ``locator`` is visible.</doc>
<status status="PASS" start="2025-08-14T08:29:05.509751" elapsed="0.131849"/>
</kw>
<status status="PASS" start="2025-08-14T08:28:55.917077" elapsed="9.724891"/>
</kw>
<kw name="Acessar a home page do site Amazon.com.br" owner="amazon_resources">
<kw name="Go To" owner="SeleniumLibrary">
<msg time="2025-08-14T08:29:05.644817" level="INFO">Opening url 'https://www.amazon.com.br/'</msg>
<arg>url=${URL}</arg>
<doc>Navigates the current browser window to the provided ``url``.</doc>
<status status="PASS" start="2025-08-14T08:29:05.643818" elapsed="1.872554"/>
</kw>
<kw name="Wait Until Element Is Visible" owner="SeleniumLibrary">
<arg>locator=${LOGO_AMAZON}</arg>
<doc>Waits until the element ``locator`` is visible.</doc>
<status status="PASS" start="2025-08-14T08:29:07.516372" elapsed="0.033228"/>
</kw>
<status status="PASS" start="2025-08-14T08:29:05.643818" elapsed="1.906890"/>
</kw>
<kw name="Digitar o nome de produto &quot;Xbox Series S&quot; no campo de pesquisa" owner="amazon_resources" source_name="Digitar o nome de produto &quot;${PRODUTO}&quot; no campo de pesquisa">
<kw name="Input Text" owner="SeleniumLibrary">
<msg time="2025-08-14T08:29:07.550708" level="INFO">Typing text 'Xbox Series S' into text field '//div[contains(@class,'field')]/*[@type="text"]'.</msg>
<arg>//div[contains(@class,'field')]/*[@type="text"]</arg>
<arg>${PRODUTO}</arg>
<doc>Types the given ``text`` into the text field identified by ``locator``.</doc>
<status status="PASS" start="2025-08-14T08:29:07.550708" elapsed="0.280447"/>
</kw>
<status status="PASS" start="2025-08-14T08:29:07.550708" elapsed="0.280447"/>
</kw>
<kw name="Clicar no botão de pesquisa" owner="amazon_resources">
<kw name="Click Button" owner="SeleniumLibrary">
<msg time="2025-08-14T08:29:07.837377" level="INFO">Clicking button '//input[contains(@id,'search-submit')]'.</msg>
<arg>//input[contains(@id,'search-submit')]</arg>
<doc>Clicks the button identified by ``locator``.</doc>
<status status="PASS" start="2025-08-14T08:29:07.837377" elapsed="3.321266"/>
</kw>
<status status="PASS" start="2025-08-14T08:29:07.835938" elapsed="3.322705"/>
</kw>
<kw name="O sistema deve exibir a tela com o resultado da pesquisa &quot;Console Xbox Series S&quot; listando o produto" owner="amazon_resources" source_name="O sistema deve exibir a tela com o resultado da pesquisa ${PRODUTO} listando o produto">
<kw name="Element Should Be Visible" owner="SeleniumLibrary">
<msg time="2025-08-14T08:29:11.231885" level="INFO">Element '//span[contains(text(), "Console Xbox Series S")]' is displayed.</msg>
<arg>locator=//span[contains(text(), ${PRODUTO})]</arg>
<doc>Verifies that the element identified by ``locator`` is visible.</doc>
<status status="PASS" start="2025-08-14T08:29:11.163645" elapsed="0.068240"/>
</kw>
<status status="PASS" start="2025-08-14T08:29:11.163645" elapsed="0.068240"/>
</kw>
<kw name="Adicionar o produto &quot;Console Xbox Series S&quot; no carrinho" owner="amazon_resources" source_name="Adicionar o produto &quot;${PRODUTO}&quot; no carrinho">
<kw name="Click Element" owner="SeleniumLibrary">
<msg time="2025-08-14T08:29:11.232883" level="INFO">Clicking element '(//span[contains(text(),'Console Xbox Series S')])[1]'.</msg>
<arg>locator=(//span[contains(text(),'${PRODUTO}')])[1]</arg>
<doc>Click the element identified by ``locator``.</doc>
<status status="PASS" start="2025-08-14T08:29:11.232883" elapsed="5.059399"/>
</kw>
<kw name="Click Element" owner="SeleniumLibrary">
<msg time="2025-08-14T08:29:16.293282" level="INFO">Clicking element '//input[@id="add-to-cart-button"]'.</msg>
<arg>//input[@id="add-to-cart-button"]</arg>
<doc>Click the element identified by ``locator``.</doc>
<status status="PASS" start="2025-08-14T08:29:16.293282" elapsed="0.368442"/>
</kw>
<kw name="Wait Until Element Is Visible" owner="SeleniumLibrary">
<arg>//div[@id="attach-warranty-display"]</arg>
<doc>Waits until the element ``locator`` is visible.</doc>
<status status="PASS" start="2025-08-14T08:29:16.661724" elapsed="1.230802"/>
</kw>
<kw name="Click Element" owner="SeleniumLibrary">
<msg time="2025-08-14T08:29:17.893525" level="INFO">Clicking element '//input[@id="add-to-cart-button"]'.</msg>
<msg time="2025-08-14T08:29:19.296604" level="INFO" html="true">&lt;/td&gt;&lt;/tr&gt;&lt;tr&gt;&lt;td colspan="3"&gt;&lt;a href="selenium-screenshot-5.png"&gt;&lt;img src="selenium-screenshot-5.png" width="800px"&gt;&lt;/a&gt;</msg>
<msg time="2025-08-14T08:29:19.296604" level="FAIL">ElementClickInterceptedException: Message: element click intercepted: Element &lt;input id="add-to-cart-button" name="submit.add-to-cart" title="Adicionar ao carrinho" data-hover="Selecione &amp;lt;b&amp;gt;__dims__&amp;lt;/b&amp;gt; à esquerda&amp;lt;br&amp;gt; para adicionar ao Carrinho de compras" data-ref="" class="a-button-input attach-dss-atc" type="button" formaction="/cart/add-to-cart/ref=dp_start-bbf_1_glance" value="Adicionar ao carrinho" aria-labelledby="submit.add-to-cart-announce"&gt; is not clickable at point (1140, 476). Other element would receive the click: &lt;div id="attach-warranty-pane" class="a-section" style="display: block;"&gt;...&lt;/div&gt;
  (Session info: chrome=139.0.7258.67); For documentation on this error, please visit: https://www.selenium.dev/documentation/webdriver/troubleshooting/errors#elementclickinterceptedexception
Stacktrace:
	GetHandleVerifier [0x0x7ff7219b6b25+79621]
	GetHandleVerifier [0x0x7ff7219b6b80+79712]
	(No symbol) [0x0x7ff72174c0ea]
	(No symbol) [0x0x7ff7217aaf69]
	(No symbol) [0x0x7ff7217a8902]
	(No symbol) [0x0x7ff7217a5941]
	(No symbol) [0x0x7ff7217a4831]
	(No symbol) [0x0x7ff721796078]
	(No symbol) [0x0x7ff7217cb13a]
	(No symbol) [0x0x7ff721795926]
	(No symbol) [0x0x7ff7217cb350]
	(No symbol) [0x0x7ff7217f33d0]
	(No symbol) [0x0x7ff7217caf13]
	(No symbol) [0x0x7ff721794151]
	(No symbol) [0x0x7ff721794ee3]
	GetHandleVerifier [0x0x7ff721c7683d+2962461]
	GetHandleVerifier [0x0x7ff721c70b5d+2938685]
	GetHandleVerifier [0x0x7ff721c8f71d+3064573]
	GetHandleVerifier [0x0x7ff7219d0c6e+186446]
	GetHandleVerifier [0x0x7ff7219d8a3f+218655]
	GetHandleVerifier [0x0x7ff7219bf914+115956]
	GetHandleVerifier [0x0x7ff7219bfac9+116393]
	GetHandleVerifier [0x0x7ff7219a5ef8+10968]
	BaseThreadInitThunk [0x0x7ffd57ba259d+29]
	RtlUserThreadStart [0x0x7ffd590eaf78+40]
</msg>
<arg>//input[@id="add-to-cart-button"]</arg>
<doc>Click the element identified by ``locator``.</doc>
<status status="FAIL" start="2025-08-14T08:29:17.892526" elapsed="1.419808">ElementClickInterceptedException: Message: element click intercepted: Element &lt;input id="add-to-cart-button" name="submit.add-to-cart" title="Adicionar ao carrinho" data-hover="Selecione &amp;lt;b&amp;gt;__dims__&amp;lt;/b&amp;gt; à esquerda&amp;lt;br&amp;gt; para adicionar ao Carrinho de compras" data-ref="" class="a-button-input attach-dss-atc" type="button" formaction="/cart/add-to-cart/ref=dp_start-bbf_1_glance" value="Adicionar ao carrinho" aria-labelledby="submit.add-to-cart-announce"&gt; is not clickable at point (1140, 476). Other element would receive the click: &lt;div id="attach-warranty-pane" class="a-section" style="display: block;"&gt;...&lt;/div&gt;
  (Session info: chrome=139.0.7258.67); For documentation on this error, please visit: https://www.selenium.dev/documentation/webdriver/troubleshooting/errors#elementclickinterceptedexception
Stacktrace:
	GetHandleVerifier [0x0x7ff7219b6b25+79621]
	GetHandleVerifier [0x0x7ff7219b6b80+79712]
	(No symbol) [0x0x7ff72174c0ea]
	(No symbol) [0x0x7ff7217aaf69]
	(No symbol) [0x0x7ff7217a8902]
	(No symbol) [0x0x7ff7217a5941]
	(No symbol) [0x0x7ff7217a4831]
	(No symbol) [0x0x7ff721796078]
	(No symbol) [0x0x7ff7217cb13a]
	(No symbol) [0x0x7ff721795926]
	(No symbol) [0x0x7ff7217cb350]
	(No symbol) [0x0x7ff7217f33d0]
	(No symbol) [0x0x7ff7217caf13]
	(No symbol) [0x0x7ff721794151]
	(No symbol) [0x0x7ff721794ee3]
	GetHandleVerifier [0x0x7ff721c7683d+2962461]
	GetHandleVerifier [0x0x7ff721c70b5d+2938685]
	GetHandleVerifier [0x0x7ff721c8f71d+3064573]
	GetHandleVerifier [0x0x7ff7219d0c6e+186446]
	GetHandleVerifier [0x0x7ff7219d8a3f+218655]
	GetHandleVerifier [0x0x7ff7219bf914+115956]
	GetHandleVerifier [0x0x7ff7219bfac9+116393]
	GetHandleVerifier [0x0x7ff7219a5ef8+10968]
	BaseThreadInitThunk [0x0x7ffd57ba259d+29]
	RtlUserThreadStart [0x0x7ffd590eaf78+40]
</status>
</kw>
<status status="FAIL" start="2025-08-14T08:29:11.232883" elapsed="8.080450">ElementClickInterceptedException: Message: element click intercepted: Element &lt;input id="add-to-cart-button" name="submit.add-to-cart" title="Adicionar ao carrinho" data-hover="Selecione &amp;lt;b&amp;gt;__dims__&amp;lt;/b&amp;gt; à esquerda&amp;lt;br&amp;gt; para adicionar ao Carrinho de compras" data-ref="" class="a-button-input attach-dss-atc" type="button" formaction="/cart/add-to-cart/ref=dp_start-bbf_1_glance" value="Adicionar ao carrinho" aria-labelledby="submit.add-to-cart-announce"&gt; is not clickable at point (1140, 476). Other element would receive the click: &lt;div id="attach-warranty-pane" class="a-section" style="display: block;"&gt;...&lt;/div&gt;
  (Session info: chrome=139.0.7258.67); For documentation on this error, please visit: https://www.selenium.dev/documentation/webdriver/troubleshooting/errors#elementclickinterceptedexception
Stacktrace:
	GetHandleVerifier [0x0x7ff7219b6b25+79621]
	GetHandleVerifier [0x0x7ff7219b6b80+79712]
	(No symbol) [0x0x7ff72174c0ea]
	(No symbol) [0x0x7ff7217aaf69]
	(No symbol) [0x0x7ff7217a8902]
	(No symbol) [0x0x7ff7217a5941]
	(No symbol) [0x0x7ff7217a4831]
	(No symbol) [0x0x7ff721796078]
	(No symbol) [0x0x7ff7217cb13a]
	(No symbol) [0x0x7ff721795926]
	(No symbol) [0x0x7ff7217cb350]
	(No symbol) [0x0x7ff7217f33d0]
	(No symbol) [0x0x7ff7217caf13]
	(No symbol) [0x0x7ff721794151]
	(No symbol) [0x0x7ff721794ee3]
	GetHandleVerifier [0x0x7ff721c7683d+2962461]
	GetHandleVerifier [0x0x7ff721c70b5d+2938685]
	GetHandleVerifier [0x0x7ff721c8f71d+3064573]
	GetHandleVerifier [0x0x7ff7219d0c6e+186446]
	GetHandleVerifier [0x0x7ff7219d8a3f+218655]
	GetHandleVerifier [0x0x7ff7219bf914+115956]
	GetHandleVerifier [0x0x7ff7219bfac9+116393]
	GetHandleVerifier [0x0x7ff7219a5ef8+10968]
	BaseThreadInitThunk [0x0x7ffd57ba259d+29]
	RtlUserThreadStart [0x0x7ffd590eaf78+40]
</status>
</kw>
<kw name="Direciono-me ao carrinho" owner="amazon_resources">
<status status="NOT RUN" start="2025-08-14T08:29:19.314338" elapsed="0.000000"/>
</kw>
<kw name="Verificar produto no carrinho" owner="amazon_resources">
<arg>Console Xbox Series S</arg>
<arg>2.662,99</arg>
<status status="NOT RUN" start="2025-08-14T08:29:19.316394" elapsed="0.000000"/>
</kw>
<kw name="Fechar o navegador" owner="amazon_resources" type="TEARDOWN">
<kw name="Capture Page Screenshot" owner="SeleniumLibrary">
<msg time="2025-08-14T08:29:19.558086" level="INFO" html="true">&lt;/td&gt;&lt;/tr&gt;&lt;tr&gt;&lt;td colspan="3"&gt;&lt;a href="selenium-screenshot-6.png"&gt;&lt;img src="selenium-screenshot-6.png" width="800px"&gt;&lt;/a&gt;</msg>
<doc>Takes a screenshot of the current page and embeds it into a log file.</doc>
<status status="PASS" start="2025-08-14T08:29:19.317419" elapsed="0.240667"/>
</kw>
<kw name="Close Browser" owner="SeleniumLibrary">
<doc>Closes the current browser.</doc>
<status status="PASS" start="2025-08-14T08:29:19.558086" elapsed="2.632785"/>
</kw>
<status status="PASS" start="2025-08-14T08:29:19.316394" elapsed="2.874477"/>
</kw>
<status status="FAIL" start="2025-08-14T08:28:55.917077" elapsed="26.273794">ElementClickInterceptedException: Message: element click intercepted: Element &lt;input id="add-to-cart-button" name="submit.add-to-cart" title="Adicionar ao carrinho" data-hover="Selecione &amp;lt;b&amp;gt;__dims__&amp;lt;/b&amp;gt; à esquerda&amp;lt;br&amp;gt; para adicionar ao Carrinho de compras" data-ref="" class="a-button-input attach-dss-atc" type="button" formaction="/cart/add-to-cart/ref=dp_start-bbf_1_glance" value="Adicionar ao carrinho" aria-labelledby="submit.add-to-cart-announce"&gt; is not clickable at point (1140, 476). Other element would receive the click: &lt;div id="attach-warranty-pane" class="a-section" style="display: block;"&gt;...&lt;/div&gt;
  (Session info: chrome=139.0.7258.67); For documentation on this error, please visit: https://www.selenium.dev/documentation/webdriver/troubleshooting/errors#elementclickinterceptedexception
Stacktrace:
	GetHandleVerifier [0x0x7ff7219b6b25+79621]
	GetHandleVerifier [0x0x7ff7219b6b80+79712]
	(No symbol) [0x0x7ff72174c0ea]
	(No symbol) [0x0x7ff7217aaf69]
	(No symbol) [0x0x7ff7217a8902]
	(No symbol) [0x0x7ff7217a5941]
	(No symbol) [0x0x7ff7217a4831]
	(No symbol) [0x0x7ff721796078]
	(No symbol) [0x0x7ff7217cb13a]
	(No symbol) [0x0x7ff721795926]
	(No symbol) [0x0x7ff7217cb350]
	(No symbol) [0x0x7ff7217f33d0]
	(No symbol) [0x0x7ff7217caf13]
	(No symbol) [0x0x7ff721794151]
	(No symbol) [0x0x7ff721794ee3]
	GetHandleVerifier [0x0x7ff721c7683d+2962461]
	GetHandleVerifier [0x0x7ff721c70b5d+2938685]
	GetHandleVerifier [0x0x7ff721c8f71d+3064573]
	GetHandleVerifier [0x0x7ff7219d0c6e+186446]
	GetHandleVerifier [0x0x7ff7219d8a3f+218655]
	GetHandleVerifier [0x0x7ff7219bf914+115956]
	GetHandleVerifier [0x0x7ff7219bfac9+116393]
	GetHandleVerifier [0x0x7ff7219a5ef8+10968]
	BaseThreadInitThunk [0x0x7ffd57ba259d+29]
	RtlUserThreadStart [0x0x7ffd590eaf78+40]
</status>
</test>
<doc>Essa suite testa o site da Amazon.com.br</doc>
<status status="FAIL" start="2025-08-14T08:28:55.466758" elapsed="26.734819"/>
</suite>
<status status="FAIL" start="2025-08-14T08:28:55.428142" elapsed="26.781109"/>
</suite>
<statistics>
<total>
<stat pass="0" fail="1" skip="0">All Tests</stat>
</total>
<tag>
</tag>
<suite>
<stat name="Tests" id="s1" pass="0" fail="1" skip="0">Tests</stat>
<stat name="Amazon Test" id="s1-s1" pass="0" fail="1" skip="0">Tests.Amazon Test</stat>
</suite>
</statistics>
<errors>
<msg time="2025-08-14T08:28:55.466758" level="ERROR">Error in file 'C:\Users\CLELIMA\Documents\CDG_Test\RobotFramework\Robot-Framework-Studies\amazonTest\webTest\Tests\amazon_resources.robot' on line 6: Setting 'Test Setup' is not allowed in resource file.</msg>
<msg time="2025-08-14T08:28:55.466758" level="ERROR">Error in file 'C:\Users\CLELIMA\Documents\CDG_Test\RobotFramework\Robot-Framework-Studies\amazonTest\webTest\Tests\amazon_resources.robot' on line 7: Setting 'Test Teardown' is not allowed in resource file.</msg>
</errors>
</robot>
